
// pt2tmax
// Version E-2010.12

$path {
  // from: n398gat_reg
  // to: n1121gat_reg
  $name "internal_1" ;
  $cycle 0.15 ;
  $slack -1.0525 ;
  $launch "blif_clk_net" ; // (rise edge)
  $capture "blif_clk_net" ; // (rise edge)
  $transition {
    "U1045/A2" v ; // (NOR2_X1)
    "U1004/A1" ^ ; // (AND4_X1)
    "U1002/A1" ^ ; // (NOR2_X1)
    "U728/A2" v ; // (NAND2_X1)
    "U727/A" ^ ; // (INV_X1)
    "U726/A" v ; // (AOI21_X1)
    "U721/A3" ^ ; // (NAND4_X1)
    "U607/A" v ; // (OAI21_X1)
    "n1121gat_reg/D" ^ ; // (SDFFS_X2)
  }
}

$path {
  // from: n398gat_reg
  // to: n1072gat_reg
  $name "internal_2" ;
  $cycle 0.15 ;
  $slack -1.0525 ;
  $launch "blif_clk_net" ; // (rise edge)
  $capture "blif_clk_net" ; // (rise edge)
  $transition {
    "U1045/A2" v ; // (NOR2_X1)
    "U1004/A1" ^ ; // (AND4_X1)
    "U1002/A1" ^ ; // (NOR2_X1)
    "U728/A2" v ; // (NAND2_X1)
    "U727/A" ^ ; // (INV_X1)
    "U726/A" v ; // (AOI21_X1)
    "U721/A3" ^ ; // (NAND4_X1)
    "U651/A" v ; // (OAI21_X1)
    "n1072gat_reg/D" ^ ; // (SDFFS_X2)
  }
}

$path {
  // from: n398gat_reg
  // to: n1035gat_reg
  $name "internal_3" ;
  $cycle 0.15 ;
  $slack -1.0525 ;
  $launch "blif_clk_net" ; // (rise edge)
  $capture "blif_clk_net" ; // (rise edge)
  $transition {
    "U1045/A2" v ; // (NOR2_X1)
    "U1004/A1" ^ ; // (AND4_X1)
    "U1002/A1" ^ ; // (NOR2_X1)
    "U728/A2" v ; // (NAND2_X1)
    "U727/A" ^ ; // (INV_X1)
    "U726/A" v ; // (AOI21_X1)
    "U721/A3" ^ ; // (NAND4_X1)
    "U652/A" v ; // (OAI21_X1)
    "n1035gat_reg/D" ^ ; // (SDFFS_X2)
  }
}

$path {
  // from: n398gat_reg
  // to: n1135gat_reg
  $name "internal_4" ;
  $cycle 0.15 ;
  $slack -1.0525 ;
  $launch "blif_clk_net" ; // (rise edge)
  $capture "blif_clk_net" ; // (rise edge)
  $transition {
    "U1045/A2" v ; // (NOR2_X1)
    "U1004/A1" ^ ; // (AND4_X1)
    "U1002/A1" ^ ; // (NOR2_X1)
    "U728/A2" v ; // (NAND2_X1)
    "U727/A" ^ ; // (INV_X1)
    "U726/A" v ; // (AOI21_X1)
    "U721/A3" ^ ; // (NAND4_X1)
    "U665/A" v ; // (OAI21_X1)
    "n1135gat_reg/D" ^ ; // (SDFFS_X2)
  }
}

$path {
  // from: n398gat_reg
  // to: n931gat_reg
  $name "internal_5" ;
  $cycle 0.15 ;
  $slack -1.0525 ;
  $launch "blif_clk_net" ; // (rise edge)
  $capture "blif_clk_net" ; // (rise edge)
  $transition {
    "U1045/A2" v ; // (NOR2_X1)
    "U1004/A1" ^ ; // (AND4_X1)
    "U1002/A1" ^ ; // (NOR2_X1)
    "U728/A2" v ; // (NAND2_X1)
    "U727/A" ^ ; // (INV_X1)
    "U726/A" v ; // (AOI21_X1)
    "U721/A3" ^ ; // (NAND4_X1)
    "U667/A" v ; // (OAI21_X1)
    "n931gat_reg/D" ^ ; // (SDFFS_X2)
  }
}

$path {
  // from: n398gat_reg
  // to: n1282gat_reg
  $name "internal_6" ;
  $cycle 0.15 ;
  $slack -1.0525 ;
  $launch "blif_clk_net" ; // (rise edge)
  $capture "blif_clk_net" ; // (rise edge)
  $transition {
    "U1045/A2" v ; // (NOR2_X1)
    "U1004/A1" ^ ; // (AND4_X1)
    "U1002/A1" ^ ; // (NOR2_X1)
    "U728/A2" v ; // (NAND2_X1)
    "U727/A" ^ ; // (INV_X1)
    "U726/A" v ; // (AOI21_X1)
    "U721/A3" ^ ; // (NAND4_X1)
    "U668/A" v ; // (OAI21_X1)
    "n1282gat_reg/D" ^ ; // (SDFFS_X2)
  }
}

$path {
  // from: n398gat_reg
  // to: n1045gat_reg
  $name "internal_7" ;
  $cycle 0.15 ;
  $slack -1.0525 ;
  $launch "blif_clk_net" ; // (rise edge)
  $capture "blif_clk_net" ; // (rise edge)
  $transition {
    "U1045/A2" v ; // (NOR2_X1)
    "U1004/A1" ^ ; // (AND4_X1)
    "U1002/A1" ^ ; // (NOR2_X1)
    "U728/A2" v ; // (NAND2_X1)
    "U727/A" ^ ; // (INV_X1)
    "U726/A" v ; // (AOI21_X1)
    "U721/A3" ^ ; // (NAND4_X1)
    "U669/A" v ; // (OAI21_X1)
    "n1045gat_reg/D" ^ ; // (SDFFS_X2)
  }
}

$path {
  // from: n398gat_reg
  // to: n1197gat_reg
  $name "internal_8" ;
  $cycle 0.15 ;
  $slack -1.0525 ;
  $launch "blif_clk_net" ; // (rise edge)
  $capture "blif_clk_net" ; // (rise edge)
  $transition {
    "U1045/A2" v ; // (NOR2_X1)
    "U1004/A1" ^ ; // (AND4_X1)
    "U1002/A1" ^ ; // (NOR2_X1)
    "U728/A2" v ; // (NAND2_X1)
    "U727/A" ^ ; // (INV_X1)
    "U726/A" v ; // (AOI21_X1)
    "U721/A3" ^ ; // (NAND4_X1)
    "U670/A" v ; // (OAI21_X1)
    "n1197gat_reg/D" ^ ; // (SDFFS_X2)
  }
}

$path {
  // from: n398gat_reg
  // to: n1226gat_reg
  $name "internal_9" ;
  $cycle 0.15 ;
  $slack -1.0525 ;
  $launch "blif_clk_net" ; // (rise edge)
  $capture "blif_clk_net" ; // (rise edge)
  $transition {
    "U1045/A2" v ; // (NOR2_X1)
    "U1004/A1" ^ ; // (AND4_X1)
    "U1002/A1" ^ ; // (NOR2_X1)
    "U728/A2" v ; // (NAND2_X1)
    "U727/A" ^ ; // (INV_X1)
    "U726/A" v ; // (AOI21_X1)
    "U721/A3" ^ ; // (NAND4_X1)
    "U672/A" v ; // (OAI21_X1)
    "n1226gat_reg/D" ^ ; // (SDFFS_X2)
  }
}

$path {
  // from: n398gat_reg
  // to: n777gat_reg
  $name "internal_10" ;
  $cycle 0.15 ;
  $slack -1.02111 ;
  $launch "blif_clk_net" ; // (rise edge)
  $capture "blif_clk_net" ; // (rise edge)
  $transition {
    "U1045/A2" v ; // (NOR2_X1)
    "U1004/A1" ^ ; // (AND4_X1)
    "U1002/A1" ^ ; // (NOR2_X1)
    "U728/A2" v ; // (NAND2_X1)
    "U727/A" ^ ; // (INV_X1)
    "U726/A" v ; // (AOI21_X1)
    "U721/A3" ^ ; // (NAND4_X1)
    "U659/A1" v ; // (NAND2_X1)
    "n777gat_reg/D" ^ ; // (SDFFS_X2)
  }
}

$path {
  // from: n398gat_reg
  // to: n667gat_reg
  $name "internal_11" ;
  $cycle 0.15 ;
  $slack -1.02111 ;
  $launch "blif_clk_net" ; // (rise edge)
  $capture "blif_clk_net" ; // (rise edge)
  $transition {
    "U1045/A2" v ; // (NOR2_X1)
    "U1004/A1" ^ ; // (AND4_X1)
    "U1002/A1" ^ ; // (NOR2_X1)
    "U728/A2" v ; // (NAND2_X1)
    "U727/A" ^ ; // (INV_X1)
    "U726/A" v ; // (AOI21_X1)
    "U721/A3" ^ ; // (NAND4_X1)
    "U679/A1" v ; // (NAND2_X1)
    "n667gat_reg/D" ^ ; // (SDFFS_X2)
  }
}

$path {
  // from: n398gat_reg
  // to: n553gat_reg
  $name "internal_12" ;
  $cycle 0.15 ;
  $slack -1.02111 ;
  $launch "blif_clk_net" ; // (rise edge)
  $capture "blif_clk_net" ; // (rise edge)
  $transition {
    "U1045/A2" v ; // (NOR2_X1)
    "U1004/A1" ^ ; // (AND4_X1)
    "U1002/A1" ^ ; // (NOR2_X1)
    "U728/A2" v ; // (NAND2_X1)
    "U727/A" ^ ; // (INV_X1)
    "U726/A" v ; // (AOI21_X1)
    "U721/A3" ^ ; // (NAND4_X1)
    "U681/A1" v ; // (NAND2_X1)
    "n553gat_reg/D" ^ ; // (SDFFS_X2)
  }
}

$path {
  // from: n398gat_reg
  // to: n561gat_reg
  $name "internal_13" ;
  $cycle 0.15 ;
  $slack -1.02111 ;
  $launch "blif_clk_net" ; // (rise edge)
  $capture "blif_clk_net" ; // (rise edge)
  $transition {
    "U1045/A2" v ; // (NOR2_X1)
    "U1004/A1" ^ ; // (AND4_X1)
    "U1002/A1" ^ ; // (NOR2_X1)
    "U728/A2" v ; // (NAND2_X1)
    "U727/A" ^ ; // (INV_X1)
    "U726/A" v ; // (AOI21_X1)
    "U721/A3" ^ ; // (NAND4_X1)
    "U683/A1" v ; // (NAND2_X1)
    "n561gat_reg/D" ^ ; // (SDFFS_X2)
  }
}

$path {
  // from: n398gat_reg
  // to: n659gat_reg
  $name "internal_14" ;
  $cycle 0.15 ;
  $slack -1.02111 ;
  $launch "blif_clk_net" ; // (rise edge)
  $capture "blif_clk_net" ; // (rise edge)
  $transition {
    "U1045/A2" v ; // (NOR2_X1)
    "U1004/A1" ^ ; // (AND4_X1)
    "U1002/A1" ^ ; // (NOR2_X1)
    "U728/A2" v ; // (NAND2_X1)
    "U727/A" ^ ; // (INV_X1)
    "U726/A" v ; // (AOI21_X1)
    "U721/A3" ^ ; // (NAND4_X1)
    "U711/A1" v ; // (NAND2_X1)
    "n659gat_reg/D" ^ ; // (SDFFS_X2)
  }
}

$path {
  // from: n398gat_reg
  // to: n366gat_reg
  $name "internal_15" ;
  $cycle 0.15 ;
  $slack -1.02111 ;
  $launch "blif_clk_net" ; // (rise edge)
  $capture "blif_clk_net" ; // (rise edge)
  $transition {
    "U1045/A2" v ; // (NOR2_X1)
    "U1004/A1" ^ ; // (AND4_X1)
    "U1002/A1" ^ ; // (NOR2_X1)
    "U728/A2" v ; // (NAND2_X1)
    "U727/A" ^ ; // (INV_X1)
    "U726/A" v ; // (AOI21_X1)
    "U721/A3" ^ ; // (NAND4_X1)
    "U713/A1" v ; // (NAND2_X1)
    "n366gat_reg/D" ^ ; // (SDFFS_X2)
  }
}

$path {
  // from: n398gat_reg
  // to: n322gat_reg
  $name "internal_16" ;
  $cycle 0.15 ;
  $slack -1.02111 ;
  $launch "blif_clk_net" ; // (rise edge)
  $capture "blif_clk_net" ; // (rise edge)
  $transition {
    "U1045/A2" v ; // (NOR2_X1)
    "U1004/A1" ^ ; // (AND4_X1)
    "U1002/A1" ^ ; // (NOR2_X1)
    "U728/A2" v ; // (NAND2_X1)
    "U727/A" ^ ; // (INV_X1)
    "U726/A" v ; // (AOI21_X1)
    "U721/A3" ^ ; // (NAND4_X1)
    "U715/A1" v ; // (NAND2_X1)
    "n322gat_reg/D" ^ ; // (SDFFS_X2)
  }
}

$path {
  // from: n398gat_reg
  // to: n318gat_reg
  $name "internal_17" ;
  $cycle 0.15 ;
  $slack -1.02111 ;
  $launch "blif_clk_net" ; // (rise edge)
  $capture "blif_clk_net" ; // (rise edge)
  $transition {
    "U1045/A2" v ; // (NOR2_X1)
    "U1004/A1" ^ ; // (AND4_X1)
    "U1002/A1" ^ ; // (NOR2_X1)
    "U728/A2" v ; // (NAND2_X1)
    "U727/A" ^ ; // (INV_X1)
    "U726/A" v ; // (AOI21_X1)
    "U721/A3" ^ ; // (NAND4_X1)
    "U717/A1" v ; // (NAND2_X1)
    "n318gat_reg/D" ^ ; // (SDFFS_X2)
  }
}

$path {
  // from: n398gat_reg
  // to: n314gat_reg
  $name "internal_18" ;
  $cycle 0.15 ;
  $slack -1.02111 ;
  $launch "blif_clk_net" ; // (rise edge)
  $capture "blif_clk_net" ; // (rise edge)
  $transition {
    "U1045/A2" v ; // (NOR2_X1)
    "U1004/A1" ^ ; // (AND4_X1)
    "U1002/A1" ^ ; // (NOR2_X1)
    "U728/A2" v ; // (NAND2_X1)
    "U727/A" ^ ; // (INV_X1)
    "U726/A" v ; // (AOI21_X1)
    "U721/A3" ^ ; // (NAND4_X1)
    "U719/A1" v ; // (NAND2_X1)
    "n314gat_reg/D" ^ ; // (SDFFS_X2)
  }
}

$path {
  // from: n398gat_reg
  // to: n1871gat_reg
  $name "internal_19" ;
  $cycle 0.15 ;
  $slack -0.989597 ;
  $launch "blif_clk_net" ; // (rise edge)
  $capture "blif_clk_net" ; // (rise edge)
  $transition {
    "U1045/A2" v ; // (NOR2_X1)
    "U1044/A" ^ ; // (XOR2_X1)
    "U1038/A2" ^ ; // (OR2_X1)
    "U1037/B" ^ ; // (MUX2_X1)
    "U1035/A1" ^ ; // (NOR3_X1)
    "U1034/B" v ; // (MUX2_X1)
    "U1029/A1" v ; // (NAND4_X1)
    "U1028/A" ^ ; // (INV_X1)
    "U961/A2" v ; // (NOR2_X1)
    "U553/A" ^ ; // (OAI211_X1)
    "U552/A" v ; // (INV_X1)
    "n1871gat_reg/D" ^ ; // (SDFFS_X2)
  }
}

$path {
  // from: n398gat_reg
  // to: n1456gat_reg
  $name "internal_20" ;
  $cycle 0.15 ;
  $slack -0.90931 ;
  $launch "blif_clk_net" ; // (rise edge)
  $capture "blif_clk_net" ; // (rise edge)
  $transition {
    "U1045/A2" v ; // (NOR2_X1)
    "U1044/A" ^ ; // (XOR2_X1)
    "U1038/A2" ^ ; // (OR2_X1)
    "U1037/B" ^ ; // (MUX2_X1)
    "U1035/A1" ^ ; // (NOR3_X1)
    "U1034/B" v ; // (MUX2_X1)
    "U1029/A1" v ; // (NAND4_X1)
    "U1028/A" ^ ; // (INV_X1)
    "U1025/A2" v ; // (NOR3_X1)
    "n1456gat_reg/D" ^ ; // (SDFFS_X2)
  }
}

$path {
  // from: n398gat_reg
  // to: n2025gat_reg
  $name "internal_21" ;
  $cycle 0.15 ;
  $slack -0.908987 ;
  $launch "blif_clk_net" ; // (rise edge)
  $capture "blif_clk_net" ; // (rise edge)
  $transition {
    "U1045/A2" v ; // (NOR2_X1)
    "U1044/A" ^ ; // (XOR2_X1)
    "U1038/A2" ^ ; // (OR2_X1)
    "U1037/B" ^ ; // (MUX2_X1)
    "U1035/A1" ^ ; // (NOR3_X1)
    "U1034/B" v ; // (MUX2_X1)
    "U1029/A1" v ; // (NAND4_X1)
    "U1028/A" ^ ; // (INV_X1)
    "U961/A2" v ; // (NOR2_X1)
    "n2025gat_reg/D" ^ ; // (SDFFS_X2)
  }
}

$path {
  // from: n398gat_reg
  // to: n1748gat_reg
  $name "internal_22" ;
  $cycle 0.15 ;
  $slack -0.878573 ;
  $launch "blif_clk_net" ; // (rise edge)
  $capture "blif_clk_net" ; // (rise edge)
  $transition {
    "U1045/A2" v ; // (NOR2_X1)
    "U1044/A" ^ ; // (XOR2_X1)
    "U1038/A2" ^ ; // (OR2_X1)
    "U1037/B" ^ ; // (MUX2_X1)
    "U1035/A1" ^ ; // (NOR3_X1)
    "U1034/B" v ; // (MUX2_X1)
    "U1029/A1" v ; // (NAND4_X1)
    "U1028/A" ^ ; // (INV_X1)
    "U963/A1" v ; // (NOR2_X1)
    "n1748gat_reg/D" ^ ; // (SDFFS_X2)
  }
}

$path {
  // from: n1880gat_reg
  // to: n2634gat_reg
  $name "internal_23" ;
  $cycle 0.15 ;
  $slack -0.860525 ;
  $launch "blif_clk_net" ; // (rise edge)
  $capture "blif_clk_net" ; // (rise edge)
  $transition {
    "U1050/B1" v ; // (OAI21_X1)
    "U1049/A2" ^ ; // (NAND4_X1)
    "U986/B" v ; // (MUX2_X1)
    "U985/A3" v ; // (AND3_X1)
    "U977/A1" v ; // (NAND2_X1)
    "U976/A" ^ ; // (INV_X1)
    "U559/A1" v ; // (NAND2_X1)
    "n2634gat_reg/D" ^ ; // (SDFFS_X2)
  }
}

$path {
  // from: n398gat_reg
  // to: n2454gat_reg
  $name "internal_24" ;
  $cycle 0.15 ;
  $slack -0.855299 ;
  $launch "blif_clk_net" ; // (rise edge)
  $capture "blif_clk_net" ; // (rise edge)
  $transition {
    "U1045/A2" v ; // (NOR2_X1)
    "U1044/A" ^ ; // (XOR2_X1)
    "U1038/A2" ^ ; // (OR2_X1)
    "U1037/B" ^ ; // (MUX2_X1)
    "U1035/A1" ^ ; // (NOR3_X1)
    "U1034/B" v ; // (MUX2_X1)
    "U1029/A1" v ; // (NAND4_X1)
    "U955/A2" ^ ; // (AND4_X1)
    "n2454gat_reg/D" ^ ; // (SDFFS_X2)
  }
}

$path {
  // from: n1880gat_reg
  // to: n2543gat_reg
  $name "internal_25" ;
  $cycle 0.15 ;
  $slack -0.846255 ;
  $launch "blif_clk_net" ; // (rise edge)
  $capture "blif_clk_net" ; // (rise edge)
  $transition {
    "U1050/B1" v ; // (OAI21_X1)
    "U1049/A2" ^ ; // (NAND4_X1)
    "U986/B" v ; // (MUX2_X1)
    "U985/A3" v ; // (AND3_X1)
    "U977/A1" v ; // (NAND2_X1)
    "U976/A" ^ ; // (INV_X1)
    "U936/A2" v ; // (AND2_X1)
    "n2543gat_reg/D" v ; // (SDFFS_X2)
  }
}

$path {
  // from: n398gat_reg
  // to: n834gat_reg
  $name "internal_26" ;
  $cycle 0.15 ;
  $slack -0.793538 ;
  $launch "blif_clk_net" ; // (rise edge)
  $capture "blif_clk_net" ; // (rise edge)
  $transition {
    "U1045/A2" v ; // (NOR2_X1)
    "U1004/A1" ^ ; // (AND4_X1)
    "U655/A1" ^ ; // (NAND2_X1)
    "U645/A1" v ; // (NOR2_X1)
    "U644/A1" ^ ; // (NAND2_X1)
    "U643/B" v ; // (XOR2_X1)
    "U642/B" v ; // (MUX2_X1)
    "n834gat_reg/D" v ; // (SDFFS_X2)
  }
}

$path {
  // from: n1880gat_reg
  // to: n2626gat_reg
  $name "internal_27" ;
  $cycle 0.15 ;
  $slack -0.787769 ;
  $launch "blif_clk_net" ; // (rise edge)
  $capture "blif_clk_net" ; // (rise edge)
  $transition {
    "U1050/B1" v ; // (OAI21_X1)
    "U1049/A2" ^ ; // (NAND4_X1)
    "U986/B" v ; // (MUX2_X1)
    "U985/A3" v ; // (AND3_X1)
    "U977/A1" v ; // (NAND2_X1)
    "U976/A" ^ ; // (INV_X1)
    "n2626gat_reg/D" v ; // (SDFFS_X2)
  }
}

$path {
  // from: n1880gat_reg
  // to: n1433gat_reg
  $name "internal_28" ;
  $cycle 0.15 ;
  $slack -0.780155 ;
  $launch "blif_clk_net" ; // (rise edge)
  $capture "blif_clk_net" ; // (rise edge)
  $transition {
    "U1050/B1" v ; // (OAI21_X1)
    "U1049/A2" ^ ; // (NAND4_X1)
    "U986/B" v ; // (MUX2_X1)
    "U985/A3" v ; // (AND3_X1)
    "U593/A2" v ; // (NOR3_X1)
    "n1433gat_reg/D" ^ ; // (SDFFS_X2)
  }
}

$path {
  // from: n1880gat_reg
  // to: n2490gat_reg
  $name "internal_29" ;
  $cycle 0.15 ;
  $slack -0.777607 ;
  $launch "blif_clk_net" ; // (rise edge)
  $capture "blif_clk_net" ; // (rise edge)
  $transition {
    "U1050/B1" v ; // (OAI21_X1)
    "U1049/A2" ^ ; // (NAND4_X1)
    "U986/B" v ; // (MUX2_X1)
    "U985/A3" v ; // (AND3_X1)
    "U977/A1" v ; // (NAND2_X1)
    "U944/A2" ^ ; // (NOR2_X1)
    "n2490gat_reg/D" v ; // (SDFFS_X2)
  }
}

$path {
  // from: n1880gat_reg
  // to: n2630gat_reg
  $name "internal_30" ;
  $cycle 0.15 ;
  $slack -0.777607 ;
  $launch "blif_clk_net" ; // (rise edge)
  $capture "blif_clk_net" ; // (rise edge)
  $transition {
    "U1050/B1" v ; // (OAI21_X1)
    "U1049/A2" ^ ; // (NAND4_X1)
    "U986/B" v ; // (MUX2_X1)
    "U985/A3" v ; // (AND3_X1)
    "U977/A1" v ; // (NAND2_X1)
    "U934/A2" ^ ; // (NOR2_X1)
    "n2630gat_reg/D" v ; // (SDFFS_X2)
  }
}

$path {
  // from: n398gat_reg
  // to: n2021gat_reg
  $name "internal_31" ;
  $cycle 0.15 ;
  $slack -0.776331 ;
  $launch "blif_clk_net" ; // (rise edge)
  $capture "blif_clk_net" ; // (rise edge)
  $transition {
    "U1072/A2" v ; // (NOR2_X1)
    "U1071/A" ^ ; // (INV_X1)
    "U1070/A3" v ; // (NOR3_X1)
    "U849/A1" ^ ; // (NAND2_X1)
    "U847/A1" v ; // (NAND2_X1)
    "U801/A" ^ ; // (INV_X1)
    "U576/A1" v ; // (NAND2_X1)
    "U574/A1" ^ ; // (NOR2_X1)
    "U568/A2" v ; // (NAND3_X1)
    "n2021gat_reg/D" ^ ; // (SDFFS_X2)
  }
}

$path {
  // from: n1880gat_reg
  // to: n2622gat_reg
  $name "internal_32" ;
  $cycle 0.15 ;
  $slack -0.77143 ;
  $launch "blif_clk_net" ; // (rise edge)
  $capture "blif_clk_net" ; // (rise edge)
  $transition {
    "U1050/B1" v ; // (OAI21_X1)
    "U1049/A2" ^ ; // (NAND4_X1)
    "U986/B" v ; // (MUX2_X1)
    "U985/A3" v ; // (AND3_X1)
    "U977/A1" v ; // (NAND2_X1)
    "U940/A1" ^ ; // (NOR2_X1)
    "n2622gat_reg/D" v ; // (SDFFS_X2)
  }
}

$path {
  // from: n398gat_reg
  // to: n2040gat_reg
  $name "internal_33" ;
  $cycle 0.15 ;
  $slack -0.768603 ;
  $launch "blif_clk_net" ; // (rise edge)
  $capture "blif_clk_net" ; // (rise edge)
  $transition {
    "U1072/A2" v ; // (NOR2_X1)
    "U1071/A" ^ ; // (INV_X1)
    "U1070/A3" v ; // (NOR3_X1)
    "U849/A1" ^ ; // (NAND2_X1)
    "U847/A1" v ; // (NAND2_X1)
    "U801/A" ^ ; // (INV_X1)
    "U576/A1" v ; // (NAND2_X1)
    "U574/A1" ^ ; // (NOR2_X1)
    "U573/A" v ; // (INV_X1)
    "n2040gat_reg/D" ^ ; // (SDFFS_X2)
  }
}

$path {
  // from: n398gat_reg
  // to: n2522gat_reg
  $name "internal_34" ;
  $cycle 0.15 ;
  $slack -0.75103 ;
  $launch "blif_clk_net" ; // (rise edge)
  $capture "blif_clk_net" ; // (rise edge)
  $transition {
    "U1046/A1" v ; // (NOR2_X1)
    "U1036/A" ^ ; // (INV_X1)
    "U861/A" v ; // (OAI21_X1)
    "U859/A" ^ ; // (MUX2_X1)
    "U856/A" ^ ; // (XOR2_X1)
    "U855/B" ^ ; // (XOR2_X1)
    "n2522gat_reg/D" ^ ; // (SDFFS_X2)
  }
}

$path {
  // from: n398gat_reg
  // to: n2476gat_reg
  $name "internal_35" ;
  $cycle 0.15 ;
  $slack -0.75103 ;
  $launch "blif_clk_net" ; // (rise edge)
  $capture "blif_clk_net" ; // (rise edge)
  $transition {
    "U1046/A1" v ; // (NOR2_X1)
    "U1036/A" ^ ; // (INV_X1)
    "U861/A" v ; // (OAI21_X1)
    "U859/A" ^ ; // (MUX2_X1)
    "U856/A" ^ ; // (XOR2_X1)
    "U855/B" ^ ; // (XOR2_X1)
    "n2476gat_reg/D" ^ ; // (SDFFS_X2)
  }
}

$path {
  // from: n398gat_reg
  // to: n838gat_reg
  $name "internal_36" ;
  $cycle 0.15 ;
  $slack -0.742777 ;
  $launch "blif_clk_net" ; // (rise edge)
  $capture "blif_clk_net" ; // (rise edge)
  $transition {
    "U1045/A2" v ; // (NOR2_X1)
    "U1004/A1" ^ ; // (AND4_X1)
    "U655/A1" ^ ; // (NAND2_X1)
    "U645/A1" v ; // (NOR2_X1)
    "U641/B" ^ ; // (XOR2_X1)
    "U640/B" ^ ; // (MUX2_X1)
    "n838gat_reg/D" ^ ; // (SDFFS_X2)
  }
}

$path {
  // from: n919gat_reg
  // to: n699gat_reg
  $name "internal_37" ;
  $cycle 0.15 ;
  $slack -0.729773 ;
  $launch "blif_clk_net" ; // (rise edge)
  $capture "blif_clk_net" ; // (rise edge)
  $transition {
    "U1061/A1" v ; // (NOR2_X1)
    "U1003/A3" ^ ; // (AND3_X1)
    "U694/A1" ^ ; // (AND2_X1)
    "U693/A1" ^ ; // (NAND2_X1)
    "U692/A2" v ; // (NOR2_X1)
    "U691/B" ^ ; // (XOR2_X1)
    "U688/B1" v ; // (OAI222_X1)
    "n699gat_reg/D" ^ ; // (SDFFS_X2)
  }
}

$path {
  // from: n1871gat_reg
  // to: n614gat_reg
  $name "internal_38" ;
  $cycle 0.15 ;
  $slack -0.727838 ;
  $launch "blif_clk_net" ; // (rise edge)
  $capture "blif_clk_net" ; // (rise edge)
  $transition {
    "U909/A2" v ; // (NAND3_X1)
    "U735/A" ^ ; // (INV_X1)
    "U709/A2" v ; // (NAND4_X1)
    "U707/A1" ^ ; // (AND2_X1)
    "U706/S" ^ ; // (MUX2_X1)
    "n614gat_reg/D" v ; // (SDFFS_X2)
  }
}

$path {
  // from: n1871gat_reg
  // to: n707gat_reg
  $name "internal_39" ;
  $cycle 0.15 ;
  $slack -0.727838 ;
  $launch "blif_clk_net" ; // (rise edge)
  $capture "blif_clk_net" ; // (rise edge)
  $transition {
    "U909/A2" v ; // (NAND3_X1)
    "U735/A" ^ ; // (INV_X1)
    "U709/A2" v ; // (NAND4_X1)
    "U707/A1" ^ ; // (AND2_X1)
    "U653/S" ^ ; // (MUX2_X1)
    "n707gat_reg/D" v ; // (SDFFS_X2)
  }
}

$path {
  // from: n1871gat_reg
  // to: n830gat_reg
  $name "internal_40" ;
  $cycle 0.15 ;
  $slack -0.727838 ;
  $launch "blif_clk_net" ; // (rise edge)
  $capture "blif_clk_net" ; // (rise edge)
  $transition {
    "U909/A2" v ; // (NAND3_X1)
    "U735/A" ^ ; // (INV_X1)
    "U709/A2" v ; // (NAND4_X1)
    "U707/A1" ^ ; // (AND2_X1)
    "U631/S" ^ ; // (MUX2_X1)
    "n830gat_reg/D" v ; // (SDFFS_X2)
  }
}

$path {
  // from: n1880gat_reg
  // to: n2640gat_reg
  $name "internal_41" ;
  $cycle 0.15 ;
  $slack -0.704129 ;
  $launch "blif_clk_net" ; // (rise edge)
  $capture "blif_clk_net" ; // (rise edge)
  $transition {
    "U1050/B1" v ; // (OAI21_X1)
    "U968/S" ^ ; // (MUX2_X1)
    "U967/A1" v ; // (NAND2_X1)
    "U966/A" ^ ; // (INV_X1)
    "U562/A1" v ; // (NAND2_X1)
    "n2640gat_reg/D" ^ ; // (SDFFS_X2)
  }
}

$path {
  // from: n398gat_reg
  // to: n2526gat_reg
  $name "internal_42" ;
  $cycle 0.15 ;
  $slack -0.701269 ;
  $launch "blif_clk_net" ; // (rise edge)
  $capture "blif_clk_net" ; // (rise edge)
  $transition {
    "U1046/A1" v ; // (NOR2_X1)
    "U1036/A" ^ ; // (INV_X1)
    "U861/A" v ; // (OAI21_X1)
    "U764/A" ^ ; // (MUX2_X1)
    "U762/A" ^ ; // (XOR2_X1)
    "U761/B" ^ ; // (XOR2_X1)
    "n2526gat_reg/D" ^ ; // (SDFFS_X2)
  }
}

$path {
  // from: n919gat_reg
  // to: n684gat_reg
  $name "internal_43" ;
  $cycle 0.15 ;
  $slack -0.694526 ;
  $launch "blif_clk_net" ; // (rise edge)
  $capture "blif_clk_net" ; // (rise edge)
  $transition {
    "U1061/A1" v ; // (NOR2_X1)
    "U1003/A3" ^ ; // (AND3_X1)
    "U694/A1" ^ ; // (AND2_X1)
    "U693/A1" ^ ; // (NAND2_X1)
    "U658/A" v ; // (XNOR2_X1)
    "U656/B1" v ; // (OAI222_X1)
    "n684gat_reg/D" ^ ; // (SDFFS_X2)
  }
}

$path {
  // from: n398gat_reg
  // to: n2182gat_reg
  $name "internal_44" ;
  $cycle 0.15 ;
  $slack -0.688429 ;
  $launch "blif_clk_net" ; // (rise edge)
  $capture "blif_clk_net" ; // (rise edge)
  $transition {
    "U1072/A2" v ; // (NOR2_X1)
    "U1071/A" ^ ; // (INV_X1)
    "U1070/A3" v ; // (NOR3_X1)
    "U849/A1" ^ ; // (NAND2_X1)
    "U847/A1" v ; // (NAND2_X1)
    "U801/A" ^ ; // (INV_X1)
    "U576/A1" v ; // (NAND2_X1)
    "n2182gat_reg/D" ^ ; // (SDFFS_X2)
  }
}

$path {
  // from: n1871gat_reg
  // to: n883gat_reg
  $name "internal_45" ;
  $cycle 0.15 ;
  $slack -0.679219 ;
  $launch "blif_clk_net" ; // (rise edge)
  $capture "blif_clk_net" ; // (rise edge)
  $transition {
    "U909/A2" v ; // (NAND3_X1)
    "U735/A" ^ ; // (INV_X1)
    "U709/A2" v ; // (NAND4_X1)
    "U690/A1" ^ ; // (NAND2_X1)
    "U626/B2" v ; // (OAI222_X1)
    "n883gat_reg/D" ^ ; // (SDFFS_X2)
  }
}

$path {
  // from: n1871gat_reg
  // to: n820gat_reg
  $name "internal_46" ;
  $cycle 0.15 ;
  $slack -0.679219 ;
  $launch "blif_clk_net" ; // (rise edge)
  $capture "blif_clk_net" ; // (rise edge)
  $transition {
    "U909/A2" v ; // (NAND3_X1)
    "U735/A" ^ ; // (INV_X1)
    "U709/A2" v ; // (NAND4_X1)
    "U690/A1" ^ ; // (NAND2_X1)
    "U635/B2" v ; // (OAI222_X1)
    "n820gat_reg/D" ^ ; // (SDFFS_X2)
  }
}

$path {
  // from: n1871gat_reg
  // to: n824gat_reg
  $name "internal_47" ;
  $cycle 0.15 ;
  $slack -0.671086 ;
  $launch "blif_clk_net" ; // (rise edge)
  $capture "blif_clk_net" ; // (rise edge)
  $transition {
    "U909/A2" v ; // (NAND3_X1)
    "U735/A" ^ ; // (INV_X1)
    "U709/A2" v ; // (NAND4_X1)
    "U690/A1" ^ ; // (NAND2_X1)
    "U684/B1" v ; // (OAI222_X1)
    "n824gat_reg/D" ^ ; // (SDFFS_X2)
  }
}

$path {
  // from: n1880gat_reg
  // to: n1389gat_reg
  $name "internal_48" ;
  $cycle 0.15 ;
  $slack -0.646864 ;
  $launch "blif_clk_net" ; // (rise edge)
  $capture "blif_clk_net" ; // (rise edge)
  $transition {
    "U1050/B1" v ; // (OAI21_X1)
    "U1049/A2" ^ ; // (NAND4_X1)
    "U1031/A" v ; // (OAI21_X1)
    "U995/A" ^ ; // (INV_X1)
    "U994/A1" v ; // (NOR2_X1)
    "n1389gat_reg/D" ^ ; // (SDFFS_X2)
  }
}

$path {
  // from: n2588gat_reg
  // to: n2343gat_reg
  $name "internal_49" ;
  $cycle 0.15 ;
  $slack -0.635656 ;
  $launch "blif_clk_net" ; // (rise edge)
  $capture "blif_clk_net" ; // (rise edge)
  $transition {
    "U983/A2" v ; // (NOR2_X1)
    "U982/A3" ^ ; // (NAND4_X1)
    "U981/A2" v ; // (NAND2_X1)
    "U979/A" ^ ; // (OAI211_X1)
    "U978/A" v ; // (INV_X1)
    "U967/A2" ^ ; // (NAND2_X1)
    "U945/A2" v ; // (NOR2_X1)
    "n2343gat_reg/D" ^ ; // (SDFFS_X2)
  }
}

$path {
  // from: n2588gat_reg
  // to: n2207gat_reg
  $name "internal_50" ;
  $cycle 0.15 ;
  $slack -0.635635 ;
  $launch "blif_clk_net" ; // (rise edge)
  $capture "blif_clk_net" ; // (rise edge)
  $transition {
    "U983/A2" v ; // (NOR2_X1)
    "U982/A3" ^ ; // (NAND4_X1)
    "U981/A2" v ; // (NAND2_X1)
    "U979/A" ^ ; // (OAI211_X1)
    "U978/A" v ; // (INV_X1)
    "U967/A2" ^ ; // (NAND2_X1)
    "U946/A2" v ; // (NOR2_X1)
    "n2207gat_reg/D" ^ ; // (SDFFS_X2)
  }
}

